C:\Users\AMIT\Desktop\Angular2Demo\Angular2Demo\Model\Customer.js
C:\Users\AMIT\Desktop\Angular2Demo\Angular2Demo\Model\Customer.js.map
C:\Users\AMIT\Desktop\Angular2Demo\Angular2Demo\Model\Country.js
C:\Users\AMIT\Desktop\Angular2Demo\Angular2Demo\Model\Country.js.map
C:\Users\AMIT\Desktop\Angular2Demo\Angular2Demo\Services\CountryStateService.js
C:\Users\AMIT\Desktop\Angular2Demo\Angular2Demo\Services\CountryStateService.js.map
C:\Users\AMIT\Desktop\Angular2Demo\Angular2Demo\Services\UserService.js
C:\Users\AMIT\Desktop\Angular2Demo\Angular2Demo\Services\UserService.js.map
C:\Users\AMIT\Desktop\Angular2Demo\Angular2Demo\Global\Global.js
C:\Users\AMIT\Desktop\Angular2Demo\Angular2Demo\Global\Global.js.map
C:\Users\AMIT\Desktop\Angular2Demo\Angular2Demo\Component\CustomerComponent.js
C:\Users\AMIT\Desktop\Angular2Demo\Angular2Demo\Component\CustomerComponent.js.map
C:\Users\AMIT\Desktop\Angular2Demo\Angular2Demo\Module\MainModule.js
C:\Users\AMIT\Desktop\Angular2Demo\Angular2Demo\Module\MainModule.js.map
C:\Users\AMIT\Desktop\Angular2Demo\Angular2Demo\Startup\Startup.js
C:\Users\AMIT\Desktop\Angular2Demo\Angular2Demo\Startup\Startup.js.map
C:\Users\AMIT\Desktop\Angular2Demo\Angular2Demo\Model\Customer.js
C:\Users\AMIT\Desktop\Angular2Demo\Angular2Demo\Model\Customer.js.map
C:\Users\AMIT\Desktop\Angular2Demo\Angular2Demo\Model\Country.js
C:\Users\AMIT\Desktop\Angular2Demo\Angular2Demo\Model\Country.js.map
C:\Users\AMIT\Desktop\Angular2Demo\Angular2Demo\Services\CountryStateService.js
C:\Users\AMIT\Desktop\Angular2Demo\Angular2Demo\Services\CountryStateService.js.map
C:\Users\AMIT\Desktop\Angular2Demo\Angular2Demo\Services\UserService.js
C:\Users\AMIT\Desktop\Angular2Demo\Angular2Demo\Services\UserService.js.map
C:\Users\AMIT\Desktop\Angular2Demo\Angular2Demo\Global\Global.js
C:\Users\AMIT\Desktop\Angular2Demo\Angular2Demo\Global\Global.js.map
C:\Users\AMIT\Desktop\Angular2Demo\Angular2Demo\Component\CustomerComponent.js
C:\Users\AMIT\Desktop\Angular2Demo\Angular2Demo\Component\CustomerComponent.js.map
C:\Users\AMIT\Desktop\Angular2Demo\Angular2Demo\Module\MainModule.js
C:\Users\AMIT\Desktop\Angular2Demo\Angular2Demo\Module\MainModule.js.map
C:\Users\AMIT\Desktop\Angular2Demo\Angular2Demo\Startup\Startup.js
C:\Users\AMIT\Desktop\Angular2Demo\Angular2Demo\Startup\Startup.js.map
C:\Users\AMIT\Desktop\Angular2Demo\Angular2Demo\Model\Customer.js
C:\Users\AMIT\Desktop\Angular2Demo\Angular2Demo\Model\Customer.js.map
C:\Users\AMIT\Desktop\Angular2Demo\Angular2Demo\Model\Country.js
C:\Users\AMIT\Desktop\Angular2Demo\Angular2Demo\Model\Country.js.map
C:\Users\AMIT\Desktop\Angular2Demo\Angular2Demo\Services\CountryStateService.js
C:\Users\AMIT\Desktop\Angular2Demo\Angular2Demo\Services\CountryStateService.js.map
C:\Users\AMIT\Desktop\Angular2Demo\Angular2Demo\Services\UserService.js
C:\Users\AMIT\Desktop\Angular2Demo\Angular2Demo\Services\UserService.js.map
C:\Users\AMIT\Desktop\Angular2Demo\Angular2Demo\Global\Global.js
C:\Users\AMIT\Desktop\Angular2Demo\Angular2Demo\Global\Global.js.map
C:\Users\AMIT\Desktop\Angular2Demo\Angular2Demo\Component\CustomerComponent.js
C:\Users\AMIT\Desktop\Angular2Demo\Angular2Demo\Component\CustomerComponent.js.map
C:\Users\AMIT\Desktop\Angular2Demo\Angular2Demo\Module\MainModule.js
C:\Users\AMIT\Desktop\Angular2Demo\Angular2Demo\Module\MainModule.js.map
C:\Users\AMIT\Desktop\Angular2Demo\Angular2Demo\Startup\Startup.js
C:\Users\AMIT\Desktop\Angular2Demo\Angular2Demo\Startup\Startup.js.map
C:\Users\AMIT\Desktop\Angular2Demo\Angular2Demo\Model\Customer.js
C:\Users\AMIT\Desktop\Angular2Demo\Angular2Demo\Model\Customer.js.map
C:\Users\AMIT\Desktop\Angular2Demo\Angular2Demo\Model\Country.js
C:\Users\AMIT\Desktop\Angular2Demo\Angular2Demo\Model\Country.js.map
C:\Users\AMIT\Desktop\Angular2Demo\Angular2Demo\Services\CountryStateService.js
C:\Users\AMIT\Desktop\Angular2Demo\Angular2Demo\Services\CountryStateService.js.map
C:\Users\AMIT\Desktop\Angular2Demo\Angular2Demo\Services\UserService.js
C:\Users\AMIT\Desktop\Angular2Demo\Angular2Demo\Services\UserService.js.map
C:\Users\AMIT\Desktop\Angular2Demo\Angular2Demo\Global\Global.js
C:\Users\AMIT\Desktop\Angular2Demo\Angular2Demo\Global\Global.js.map
C:\Users\AMIT\Desktop\Angular2Demo\Angular2Demo\Component\CustomerComponent.js
C:\Users\AMIT\Desktop\Angular2Demo\Angular2Demo\Component\CustomerComponent.js.map
C:\Users\AMIT\Desktop\Angular2Demo\Angular2Demo\Module\MainModule.js
C:\Users\AMIT\Desktop\Angular2Demo\Angular2Demo\Module\MainModule.js.map
C:\Users\AMIT\Desktop\Angular2Demo\Angular2Demo\Startup\Startup.js
C:\Users\AMIT\Desktop\Angular2Demo\Angular2Demo\Startup\Startup.js.map
C:\Users\AMIT\Desktop\Angular2Demo\Angular2Demo\Model\Customer.js
C:\Users\AMIT\Desktop\Angular2Demo\Angular2Demo\Model\Customer.js.map
C:\Users\AMIT\Desktop\Angular2Demo\Angular2Demo\Model\Country.js
C:\Users\AMIT\Desktop\Angular2Demo\Angular2Demo\Model\Country.js.map
C:\Users\AMIT\Desktop\Angular2Demo\Angular2Demo\Services\CountryStateService.js
C:\Users\AMIT\Desktop\Angular2Demo\Angular2Demo\Services\CountryStateService.js.map
C:\Users\AMIT\Desktop\Angular2Demo\Angular2Demo\Services\UserService.js
C:\Users\AMIT\Desktop\Angular2Demo\Angular2Demo\Services\UserService.js.map
C:\Users\AMIT\Desktop\Angular2Demo\Angular2Demo\Global\Global.js
C:\Users\AMIT\Desktop\Angular2Demo\Angular2Demo\Global\Global.js.map
C:\Users\AMIT\Desktop\Angular2Demo\Angular2Demo\Component\CustomerComponent.js
C:\Users\AMIT\Desktop\Angular2Demo\Angular2Demo\Component\CustomerComponent.js.map
C:\Users\AMIT\Desktop\Angular2Demo\Angular2Demo\Module\MainModule.js
C:\Users\AMIT\Desktop\Angular2Demo\Angular2Demo\Module\MainModule.js.map
C:\Users\AMIT\Desktop\Angular2Demo\Angular2Demo\Startup\Startup.js
C:\Users\AMIT\Desktop\Angular2Demo\Angular2Demo\Startup\Startup.js.map
C:\Users\AMIT\Desktop\Angular2Demo\Angular2Demo\Model\Customer.js
C:\Users\AMIT\Desktop\Angular2Demo\Angular2Demo\Model\Customer.js.map
C:\Users\AMIT\Desktop\Angular2Demo\Angular2Demo\Model\Country.js
C:\Users\AMIT\Desktop\Angular2Demo\Angular2Demo\Model\Country.js.map
C:\Users\AMIT\Desktop\Angular2Demo\Angular2Demo\Services\CountryStateService.js
C:\Users\AMIT\Desktop\Angular2Demo\Angular2Demo\Services\CountryStateService.js.map
C:\Users\AMIT\Desktop\Angular2Demo\Angular2Demo\Services\UserService.js
C:\Users\AMIT\Desktop\Angular2Demo\Angular2Demo\Services\UserService.js.map
C:\Users\AMIT\Desktop\Angular2Demo\Angular2Demo\Global\Global.js
C:\Users\AMIT\Desktop\Angular2Demo\Angular2Demo\Global\Global.js.map
C:\Users\AMIT\Desktop\Angular2Demo\Angular2Demo\Component\CustomerComponent.js
C:\Users\AMIT\Desktop\Angular2Demo\Angular2Demo\Component\CustomerComponent.js.map
C:\Users\AMIT\Desktop\Angular2Demo\Angular2Demo\Module\MainModule.js
C:\Users\AMIT\Desktop\Angular2Demo\Angular2Demo\Module\MainModule.js.map
C:\Users\AMIT\Desktop\Angular2Demo\Angular2Demo\Startup\Startup.js
C:\Users\AMIT\Desktop\Angular2Demo\Angular2Demo\Startup\Startup.js.map
C:\Users\AMIT\Desktop\Angular2Demo\Angular2Demo\Model\Customer.js
C:\Users\AMIT\Desktop\Angular2Demo\Angular2Demo\Model\Customer.js.map
C:\Users\AMIT\Desktop\Angular2Demo\Angular2Demo\Model\Country.js
C:\Users\AMIT\Desktop\Angular2Demo\Angular2Demo\Model\Country.js.map
C:\Users\AMIT\Desktop\Angular2Demo\Angular2Demo\Services\CountryStateService.js
C:\Users\AMIT\Desktop\Angular2Demo\Angular2Demo\Services\CountryStateService.js.map
C:\Users\AMIT\Desktop\Angular2Demo\Angular2Demo\Services\UserService.js
C:\Users\AMIT\Desktop\Angular2Demo\Angular2Demo\Services\UserService.js.map
C:\Users\AMIT\Desktop\Angular2Demo\Angular2Demo\Global\Global.js
C:\Users\AMIT\Desktop\Angular2Demo\Angular2Demo\Global\Global.js.map
C:\Users\AMIT\Desktop\Angular2Demo\Angular2Demo\Component\CustomerComponent.js
C:\Users\AMIT\Desktop\Angular2Demo\Angular2Demo\Component\CustomerComponent.js.map
C:\Users\AMIT\Desktop\Angular2Demo\Angular2Demo\Module\MainModule.js
C:\Users\AMIT\Desktop\Angular2Demo\Angular2Demo\Module\MainModule.js.map
C:\Users\AMIT\Desktop\Angular2Demo\Angular2Demo\Startup\Startup.js
C:\Users\AMIT\Desktop\Angular2Demo\Angular2Demo\Startup\Startup.js.map
C:\Users\AMIT\Desktop\Angular2Demo\Angular2Demo\Model\Customer.js
C:\Users\AMIT\Desktop\Angular2Demo\Angular2Demo\Model\Customer.js.map
C:\Users\AMIT\Desktop\Angular2Demo\Angular2Demo\Model\Country.js
C:\Users\AMIT\Desktop\Angular2Demo\Angular2Demo\Model\Country.js.map
C:\Users\AMIT\Desktop\Angular2Demo\Angular2Demo\Services\CountryStateService.js
C:\Users\AMIT\Desktop\Angular2Demo\Angular2Demo\Services\CountryStateService.js.map
C:\Users\AMIT\Desktop\Angular2Demo\Angular2Demo\Services\UserService.js
C:\Users\AMIT\Desktop\Angular2Demo\Angular2Demo\Services\UserService.js.map
C:\Users\AMIT\Desktop\Angular2Demo\Angular2Demo\Global\Global.js
C:\Users\AMIT\Desktop\Angular2Demo\Angular2Demo\Global\Global.js.map
C:\Users\AMIT\Desktop\Angular2Demo\Angular2Demo\Component\CustomerComponent.js
C:\Users\AMIT\Desktop\Angular2Demo\Angular2Demo\Component\CustomerComponent.js.map
C:\Users\AMIT\Desktop\Angular2Demo\Angular2Demo\Module\MainModule.js
C:\Users\AMIT\Desktop\Angular2Demo\Angular2Demo\Module\MainModule.js.map
C:\Users\AMIT\Desktop\Angular2Demo\Angular2Demo\Startup\Startup.js
C:\Users\AMIT\Desktop\Angular2Demo\Angular2Demo\Startup\Startup.js.map
C:\Users\AMIT\Desktop\Angular2Demo\Angular2Demo\Model\Customer.js
C:\Users\AMIT\Desktop\Angular2Demo\Angular2Demo\Model\Customer.js.map
C:\Users\AMIT\Desktop\Angular2Demo\Angular2Demo\Model\Country.js
C:\Users\AMIT\Desktop\Angular2Demo\Angular2Demo\Model\Country.js.map
C:\Users\AMIT\Desktop\Angular2Demo\Angular2Demo\Services\CountryStateService.js
C:\Users\AMIT\Desktop\Angular2Demo\Angular2Demo\Services\CountryStateService.js.map
C:\Users\AMIT\Desktop\Angular2Demo\Angular2Demo\Services\UserService.js
C:\Users\AMIT\Desktop\Angular2Demo\Angular2Demo\Services\UserService.js.map
C:\Users\AMIT\Desktop\Angular2Demo\Angular2Demo\Global\Global.js
C:\Users\AMIT\Desktop\Angular2Demo\Angular2Demo\Global\Global.js.map
C:\Users\AMIT\Desktop\Angular2Demo\Angular2Demo\Component\CustomerComponent.js
C:\Users\AMIT\Desktop\Angular2Demo\Angular2Demo\Component\CustomerComponent.js.map
C:\Users\AMIT\Desktop\Angular2Demo\Angular2Demo\Module\MainModule.js
C:\Users\AMIT\Desktop\Angular2Demo\Angular2Demo\Module\MainModule.js.map
C:\Users\AMIT\Desktop\Angular2Demo\Angular2Demo\Startup\Startup.js
C:\Users\AMIT\Desktop\Angular2Demo\Angular2Demo\Startup\Startup.js.map
C:\Users\AMIT\Desktop\Angular2Demo\Angular2Demo\Model\Customer.js
C:\Users\AMIT\Desktop\Angular2Demo\Angular2Demo\Model\Customer.js.map
C:\Users\AMIT\Desktop\Angular2Demo\Angular2Demo\Model\Country.js
C:\Users\AMIT\Desktop\Angular2Demo\Angular2Demo\Model\Country.js.map
C:\Users\AMIT\Desktop\Angular2Demo\Angular2Demo\Services\CountryStateService.js
C:\Users\AMIT\Desktop\Angular2Demo\Angular2Demo\Services\CountryStateService.js.map
C:\Users\AMIT\Desktop\Angular2Demo\Angular2Demo\Services\UserService.js
C:\Users\AMIT\Desktop\Angular2Demo\Angular2Demo\Services\UserService.js.map
C:\Users\AMIT\Desktop\Angular2Demo\Angular2Demo\Global\Global.js
C:\Users\AMIT\Desktop\Angular2Demo\Angular2Demo\Global\Global.js.map
C:\Users\AMIT\Desktop\Angular2Demo\Angular2Demo\Component\CustomerComponent.js
C:\Users\AMIT\Desktop\Angular2Demo\Angular2Demo\Component\CustomerComponent.js.map
C:\Users\AMIT\Desktop\Angular2Demo\Angular2Demo\Module\MainModule.js
C:\Users\AMIT\Desktop\Angular2Demo\Angular2Demo\Module\MainModule.js.map
C:\Users\AMIT\Desktop\Angular2Demo\Angular2Demo\Startup\Startup.js
C:\Users\AMIT\Desktop\Angular2Demo\Angular2Demo\Startup\Startup.js.map
C:\Users\AMIT\Desktop\Angular2Demo\Angular2Demo\Model\Customer.js
C:\Users\AMIT\Desktop\Angular2Demo\Angular2Demo\Model\Customer.js.map
C:\Users\AMIT\Desktop\Angular2Demo\Angular2Demo\Model\Country.js
C:\Users\AMIT\Desktop\Angular2Demo\Angular2Demo\Model\Country.js.map
C:\Users\AMIT\Desktop\Angular2Demo\Angular2Demo\Services\CountryStateService.js
C:\Users\AMIT\Desktop\Angular2Demo\Angular2Demo\Services\CountryStateService.js.map
C:\Users\AMIT\Desktop\Angular2Demo\Angular2Demo\Services\UserService.js
C:\Users\AMIT\Desktop\Angular2Demo\Angular2Demo\Services\UserService.js.map
C:\Users\AMIT\Desktop\Angular2Demo\Angular2Demo\Global\Global.js
C:\Users\AMIT\Desktop\Angular2Demo\Angular2Demo\Global\Global.js.map
C:\Users\AMIT\Desktop\Angular2Demo\Angular2Demo\Component\CustomerComponent.js
C:\Users\AMIT\Desktop\Angular2Demo\Angular2Demo\Component\CustomerComponent.js.map
C:\Users\AMIT\Desktop\Angular2Demo\Angular2Demo\Module\MainModule.js
C:\Users\AMIT\Desktop\Angular2Demo\Angular2Demo\Module\MainModule.js.map
C:\Users\AMIT\Desktop\Angular2Demo\Angular2Demo\Startup\Startup.js
C:\Users\AMIT\Desktop\Angular2Demo\Angular2Demo\Startup\Startup.js.map
C:\Users\AMIT\Desktop\Angular2Demo\Angular2Demo\Model\Customer.js
C:\Users\AMIT\Desktop\Angular2Demo\Angular2Demo\Model\Customer.js.map
C:\Users\AMIT\Desktop\Angular2Demo\Angular2Demo\Model\Country.js
C:\Users\AMIT\Desktop\Angular2Demo\Angular2Demo\Model\Country.js.map
C:\Users\AMIT\Desktop\Angular2Demo\Angular2Demo\Services\CountryStateService.js
C:\Users\AMIT\Desktop\Angular2Demo\Angular2Demo\Services\CountryStateService.js.map
C:\Users\AMIT\Desktop\Angular2Demo\Angular2Demo\Services\UserService.js
C:\Users\AMIT\Desktop\Angular2Demo\Angular2Demo\Services\UserService.js.map
C:\Users\AMIT\Desktop\Angular2Demo\Angular2Demo\Global\Global.js
C:\Users\AMIT\Desktop\Angular2Demo\Angular2Demo\Global\Global.js.map
C:\Users\AMIT\Desktop\Angular2Demo\Angular2Demo\Component\CustomerComponent.js
C:\Users\AMIT\Desktop\Angular2Demo\Angular2Demo\Component\CustomerComponent.js.map
C:\Users\AMIT\Desktop\Angular2Demo\Angular2Demo\Module\MainModule.js
C:\Users\AMIT\Desktop\Angular2Demo\Angular2Demo\Module\MainModule.js.map
C:\Users\AMIT\Desktop\Angular2Demo\Angular2Demo\Startup\Startup.js
C:\Users\AMIT\Desktop\Angular2Demo\Angular2Demo\Startup\Startup.js.map
C:\Users\AMIT\Desktop\Angular2Demo\Angular2Demo\Model\Customer.js
C:\Users\AMIT\Desktop\Angular2Demo\Angular2Demo\Model\Customer.js.map
C:\Users\AMIT\Desktop\Angular2Demo\Angular2Demo\Model\Country.js
C:\Users\AMIT\Desktop\Angular2Demo\Angular2Demo\Model\Country.js.map
C:\Users\AMIT\Desktop\Angular2Demo\Angular2Demo\Services\CountryStateService.js
C:\Users\AMIT\Desktop\Angular2Demo\Angular2Demo\Services\CountryStateService.js.map
C:\Users\AMIT\Desktop\Angular2Demo\Angular2Demo\Services\UserService.js
C:\Users\AMIT\Desktop\Angular2Demo\Angular2Demo\Services\UserService.js.map
C:\Users\AMIT\Desktop\Angular2Demo\Angular2Demo\Global\Global.js
C:\Users\AMIT\Desktop\Angular2Demo\Angular2Demo\Global\Global.js.map
C:\Users\AMIT\Desktop\Angular2Demo\Angular2Demo\Component\CustomerComponent.js
C:\Users\AMIT\Desktop\Angular2Demo\Angular2Demo\Component\CustomerComponent.js.map
C:\Users\AMIT\Desktop\Angular2Demo\Angular2Demo\Module\MainModule.js
C:\Users\AMIT\Desktop\Angular2Demo\Angular2Demo\Module\MainModule.js.map
C:\Users\AMIT\Desktop\Angular2Demo\Angular2Demo\Startup\Startup.js
C:\Users\AMIT\Desktop\Angular2Demo\Angular2Demo\Startup\Startup.js.map
C:\Users\AMIT\Desktop\Angular2Demo\Angular2Demo\Model\Customer.js
C:\Users\AMIT\Desktop\Angular2Demo\Angular2Demo\Model\Customer.js.map
C:\Users\AMIT\Desktop\Angular2Demo\Angular2Demo\Model\Country.js
C:\Users\AMIT\Desktop\Angular2Demo\Angular2Demo\Model\Country.js.map
C:\Users\AMIT\Desktop\Angular2Demo\Angular2Demo\Services\CountryStateService.js
C:\Users\AMIT\Desktop\Angular2Demo\Angular2Demo\Services\CountryStateService.js.map
C:\Users\AMIT\Desktop\Angular2Demo\Angular2Demo\Services\UserService.js
C:\Users\AMIT\Desktop\Angular2Demo\Angular2Demo\Services\UserService.js.map
C:\Users\AMIT\Desktop\Angular2Demo\Angular2Demo\Global\Global.js
C:\Users\AMIT\Desktop\Angular2Demo\Angular2Demo\Global\Global.js.map
C:\Users\AMIT\Desktop\Angular2Demo\Angular2Demo\Component\CustomerComponent.js
C:\Users\AMIT\Desktop\Angular2Demo\Angular2Demo\Component\CustomerComponent.js.map
C:\Users\AMIT\Desktop\Angular2Demo\Angular2Demo\Module\MainModule.js
C:\Users\AMIT\Desktop\Angular2Demo\Angular2Demo\Module\MainModule.js.map
C:\Users\AMIT\Desktop\Angular2Demo\Angular2Demo\Startup\Startup.js
C:\Users\AMIT\Desktop\Angular2Demo\Angular2Demo\Startup\Startup.js.map
C:\Users\AMIT\Desktop\Angular2Demo\Angular2Demo\Model\Customer.js
C:\Users\AMIT\Desktop\Angular2Demo\Angular2Demo\Model\Customer.js.map
C:\Users\AMIT\Desktop\Angular2Demo\Angular2Demo\Model\Country.js
C:\Users\AMIT\Desktop\Angular2Demo\Angular2Demo\Model\Country.js.map
C:\Users\AMIT\Desktop\Angular2Demo\Angular2Demo\Services\CountryStateService.js
C:\Users\AMIT\Desktop\Angular2Demo\Angular2Demo\Services\CountryStateService.js.map
C:\Users\AMIT\Desktop\Angular2Demo\Angular2Demo\Services\UserService.js
C:\Users\AMIT\Desktop\Angular2Demo\Angular2Demo\Services\UserService.js.map
C:\Users\AMIT\Desktop\Angular2Demo\Angular2Demo\Global\Global.js
C:\Users\AMIT\Desktop\Angular2Demo\Angular2Demo\Global\Global.js.map
C:\Users\AMIT\Desktop\Angular2Demo\Angular2Demo\Component\CustomerComponent.js
C:\Users\AMIT\Desktop\Angular2Demo\Angular2Demo\Component\CustomerComponent.js.map
C:\Users\AMIT\Desktop\Angular2Demo\Angular2Demo\Module\MainModule.js
C:\Users\AMIT\Desktop\Angular2Demo\Angular2Demo\Module\MainModule.js.map
C:\Users\AMIT\Desktop\Angular2Demo\Angular2Demo\Startup\Startup.js
C:\Users\AMIT\Desktop\Angular2Demo\Angular2Demo\Startup\Startup.js.map
C:\Users\AMIT\Desktop\Angular2Demo\Angular2Demo\Model\Customer.js
C:\Users\AMIT\Desktop\Angular2Demo\Angular2Demo\Model\Customer.js.map
C:\Users\AMIT\Desktop\Angular2Demo\Angular2Demo\Model\Country.js
C:\Users\AMIT\Desktop\Angular2Demo\Angular2Demo\Model\Country.js.map
C:\Users\AMIT\Desktop\Angular2Demo\Angular2Demo\Services\CountryStateService.js
C:\Users\AMIT\Desktop\Angular2Demo\Angular2Demo\Services\CountryStateService.js.map
C:\Users\AMIT\Desktop\Angular2Demo\Angular2Demo\Services\UserService.js
C:\Users\AMIT\Desktop\Angular2Demo\Angular2Demo\Services\UserService.js.map
C:\Users\AMIT\Desktop\Angular2Demo\Angular2Demo\Global\Global.js
C:\Users\AMIT\Desktop\Angular2Demo\Angular2Demo\Global\Global.js.map
C:\Users\AMIT\Desktop\Angular2Demo\Angular2Demo\Component\CustomerComponent.js
C:\Users\AMIT\Desktop\Angular2Demo\Angular2Demo\Component\CustomerComponent.js.map
C:\Users\AMIT\Desktop\Angular2Demo\Angular2Demo\Module\MainModule.js
C:\Users\AMIT\Desktop\Angular2Demo\Angular2Demo\Module\MainModule.js.map
C:\Users\AMIT\Desktop\Angular2Demo\Angular2Demo\Startup\Startup.js
C:\Users\AMIT\Desktop\Angular2Demo\Angular2Demo\Startup\Startup.js.map
C:\Users\AMIT\Desktop\Angular2Demo\Angular2Demo\Model\Customer.js
C:\Users\AMIT\Desktop\Angular2Demo\Angular2Demo\Model\Customer.js.map
C:\Users\AMIT\Desktop\Angular2Demo\Angular2Demo\Model\Country.js
C:\Users\AMIT\Desktop\Angular2Demo\Angular2Demo\Model\Country.js.map
C:\Users\AMIT\Desktop\Angular2Demo\Angular2Demo\Services\CountryStateService.js
C:\Users\AMIT\Desktop\Angular2Demo\Angular2Demo\Services\CountryStateService.js.map
C:\Users\AMIT\Desktop\Angular2Demo\Angular2Demo\Services\UserService.js
C:\Users\AMIT\Desktop\Angular2Demo\Angular2Demo\Services\UserService.js.map
C:\Users\AMIT\Desktop\Angular2Demo\Angular2Demo\Global\Global.js
C:\Users\AMIT\Desktop\Angular2Demo\Angular2Demo\Global\Global.js.map
C:\Users\AMIT\Desktop\Angular2Demo\Angular2Demo\Component\CustomerComponent.js
C:\Users\AMIT\Desktop\Angular2Demo\Angular2Demo\Component\CustomerComponent.js.map
C:\Users\AMIT\Desktop\Angular2Demo\Angular2Demo\Module\MainModule.js
C:\Users\AMIT\Desktop\Angular2Demo\Angular2Demo\Module\MainModule.js.map
C:\Users\AMIT\Desktop\Angular2Demo\Angular2Demo\Startup\Startup.js
C:\Users\AMIT\Desktop\Angular2Demo\Angular2Demo\Startup\Startup.js.map
C:\Users\AMIT\Desktop\Angular2Demo\Angular2Demo\Model\Customer.js
C:\Users\AMIT\Desktop\Angular2Demo\Angular2Demo\Model\Customer.js.map
C:\Users\AMIT\Desktop\Angular2Demo\Angular2Demo\Model\Country.js
C:\Users\AMIT\Desktop\Angular2Demo\Angular2Demo\Model\Country.js.map
C:\Users\AMIT\Desktop\Angular2Demo\Angular2Demo\Services\CountryStateService.js
C:\Users\AMIT\Desktop\Angular2Demo\Angular2Demo\Services\CountryStateService.js.map
C:\Users\AMIT\Desktop\Angular2Demo\Angular2Demo\Services\UserService.js
C:\Users\AMIT\Desktop\Angular2Demo\Angular2Demo\Services\UserService.js.map
C:\Users\AMIT\Desktop\Angular2Demo\Angular2Demo\Global\Global.js
C:\Users\AMIT\Desktop\Angular2Demo\Angular2Demo\Global\Global.js.map
C:\Users\AMIT\Desktop\Angular2Demo\Angular2Demo\Component\CustomerComponent.js
C:\Users\AMIT\Desktop\Angular2Demo\Angular2Demo\Component\CustomerComponent.js.map
C:\Users\AMIT\Desktop\Angular2Demo\Angular2Demo\Module\MainModule.js
C:\Users\AMIT\Desktop\Angular2Demo\Angular2Demo\Module\MainModule.js.map
C:\Users\AMIT\Desktop\Angular2Demo\Angular2Demo\Startup\Startup.js
C:\Users\AMIT\Desktop\Angular2Demo\Angular2Demo\Startup\Startup.js.map
C:\Users\AMIT\Desktop\Angular2Demo\Angular2Demo\Model\Customer.js
C:\Users\AMIT\Desktop\Angular2Demo\Angular2Demo\Model\Customer.js.map
C:\Users\AMIT\Desktop\Angular2Demo\Angular2Demo\Model\Country.js
C:\Users\AMIT\Desktop\Angular2Demo\Angular2Demo\Model\Country.js.map
C:\Users\AMIT\Desktop\Angular2Demo\Angular2Demo\Services\CountryStateService.js
C:\Users\AMIT\Desktop\Angular2Demo\Angular2Demo\Services\CountryStateService.js.map
C:\Users\AMIT\Desktop\Angular2Demo\Angular2Demo\Services\UserService.js
C:\Users\AMIT\Desktop\Angular2Demo\Angular2Demo\Services\UserService.js.map
C:\Users\AMIT\Desktop\Angular2Demo\Angular2Demo\Global\Global.js
C:\Users\AMIT\Desktop\Angular2Demo\Angular2Demo\Global\Global.js.map
C:\Users\AMIT\Desktop\Angular2Demo\Angular2Demo\Component\CustomerComponent.js
C:\Users\AMIT\Desktop\Angular2Demo\Angular2Demo\Component\CustomerComponent.js.map
C:\Users\AMIT\Desktop\Angular2Demo\Angular2Demo\Module\MainModule.js
C:\Users\AMIT\Desktop\Angular2Demo\Angular2Demo\Module\MainModule.js.map
C:\Users\AMIT\Desktop\Angular2Demo\Angular2Demo\Startup\Startup.js
C:\Users\AMIT\Desktop\Angular2Demo\Angular2Demo\Startup\Startup.js.map
C:\Users\AMIT\Desktop\Angular2Demo\Angular2Demo\Model\Customer.js
C:\Users\AMIT\Desktop\Angular2Demo\Angular2Demo\Model\Customer.js.map
C:\Users\AMIT\Desktop\Angular2Demo\Angular2Demo\Model\Country.js
C:\Users\AMIT\Desktop\Angular2Demo\Angular2Demo\Model\Country.js.map
C:\Users\AMIT\Desktop\Angular2Demo\Angular2Demo\Services\CountryStateService.js
C:\Users\AMIT\Desktop\Angular2Demo\Angular2Demo\Services\CountryStateService.js.map
C:\Users\AMIT\Desktop\Angular2Demo\Angular2Demo\Services\UserService.js
C:\Users\AMIT\Desktop\Angular2Demo\Angular2Demo\Services\UserService.js.map
C:\Users\AMIT\Desktop\Angular2Demo\Angular2Demo\Global\Global.js
C:\Users\AMIT\Desktop\Angular2Demo\Angular2Demo\Global\Global.js.map
C:\Users\AMIT\Desktop\Angular2Demo\Angular2Demo\Component\CustomerComponent.js
C:\Users\AMIT\Desktop\Angular2Demo\Angular2Demo\Component\CustomerComponent.js.map
C:\Users\AMIT\Desktop\Angular2Demo\Angular2Demo\Module\MainModule.js
C:\Users\AMIT\Desktop\Angular2Demo\Angular2Demo\Module\MainModule.js.map
C:\Users\AMIT\Desktop\Angular2Demo\Angular2Demo\Startup\Startup.js
C:\Users\AMIT\Desktop\Angular2Demo\Angular2Demo\Startup\Startup.js.map
C:\Users\AMIT\Desktop\Angular2Demo\Angular2Demo\Model\Customer.js
C:\Users\AMIT\Desktop\Angular2Demo\Angular2Demo\Model\Customer.js.map
C:\Users\AMIT\Desktop\Angular2Demo\Angular2Demo\Model\Country.js
C:\Users\AMIT\Desktop\Angular2Demo\Angular2Demo\Model\Country.js.map
C:\Users\AMIT\Desktop\Angular2Demo\Angular2Demo\Services\CountryStateService.js
C:\Users\AMIT\Desktop\Angular2Demo\Angular2Demo\Services\CountryStateService.js.map
C:\Users\AMIT\Desktop\Angular2Demo\Angular2Demo\Services\UserService.js
C:\Users\AMIT\Desktop\Angular2Demo\Angular2Demo\Services\UserService.js.map
C:\Users\AMIT\Desktop\Angular2Demo\Angular2Demo\Global\Global.js
C:\Users\AMIT\Desktop\Angular2Demo\Angular2Demo\Global\Global.js.map
C:\Users\AMIT\Desktop\Angular2Demo\Angular2Demo\Component\CustomerComponent.js
C:\Users\AMIT\Desktop\Angular2Demo\Angular2Demo\Component\CustomerComponent.js.map
C:\Users\AMIT\Desktop\Angular2Demo\Angular2Demo\Module\MainModule.js
C:\Users\AMIT\Desktop\Angular2Demo\Angular2Demo\Module\MainModule.js.map
C:\Users\AMIT\Desktop\Angular2Demo\Angular2Demo\Startup\Startup.js
C:\Users\AMIT\Desktop\Angular2Demo\Angular2Demo\Startup\Startup.js.map
C:\Users\AMIT\Desktop\Angular2Demo\Angular2Demo\Model\Customer.js
C:\Users\AMIT\Desktop\Angular2Demo\Angular2Demo\Model\Customer.js.map
C:\Users\AMIT\Desktop\Angular2Demo\Angular2Demo\Model\Country.js
C:\Users\AMIT\Desktop\Angular2Demo\Angular2Demo\Model\Country.js.map
C:\Users\AMIT\Desktop\Angular2Demo\Angular2Demo\Services\CountryStateService.js
C:\Users\AMIT\Desktop\Angular2Demo\Angular2Demo\Services\CountryStateService.js.map
C:\Users\AMIT\Desktop\Angular2Demo\Angular2Demo\Services\UserService.js
C:\Users\AMIT\Desktop\Angular2Demo\Angular2Demo\Services\UserService.js.map
C:\Users\AMIT\Desktop\Angular2Demo\Angular2Demo\Global\Global.js
C:\Users\AMIT\Desktop\Angular2Demo\Angular2Demo\Global\Global.js.map
C:\Users\AMIT\Desktop\Angular2Demo\Angular2Demo\Component\CustomerComponent.js
C:\Users\AMIT\Desktop\Angular2Demo\Angular2Demo\Component\CustomerComponent.js.map
C:\Users\AMIT\Desktop\Angular2Demo\Angular2Demo\Module\MainModule.js
C:\Users\AMIT\Desktop\Angular2Demo\Angular2Demo\Module\MainModule.js.map
C:\Users\AMIT\Desktop\Angular2Demo\Angular2Demo\Startup\Startup.js
C:\Users\AMIT\Desktop\Angular2Demo\Angular2Demo\Startup\Startup.js.map
C:\Users\AMIT\Desktop\Angular2Demo\Angular2Demo\Model\Customer.js
C:\Users\AMIT\Desktop\Angular2Demo\Angular2Demo\Model\Customer.js.map
C:\Users\AMIT\Desktop\Angular2Demo\Angular2Demo\Model\Country.js
C:\Users\AMIT\Desktop\Angular2Demo\Angular2Demo\Model\Country.js.map
C:\Users\AMIT\Desktop\Angular2Demo\Angular2Demo\Services\CountryStateService.js
C:\Users\AMIT\Desktop\Angular2Demo\Angular2Demo\Services\CountryStateService.js.map
C:\Users\AMIT\Desktop\Angular2Demo\Angular2Demo\Services\UserService.js
C:\Users\AMIT\Desktop\Angular2Demo\Angular2Demo\Services\UserService.js.map
C:\Users\AMIT\Desktop\Angular2Demo\Angular2Demo\Global\Global.js
C:\Users\AMIT\Desktop\Angular2Demo\Angular2Demo\Global\Global.js.map
C:\Users\AMIT\Desktop\Angular2Demo\Angular2Demo\Component\CustomerComponent.js
C:\Users\AMIT\Desktop\Angular2Demo\Angular2Demo\Component\CustomerComponent.js.map
C:\Users\AMIT\Desktop\Angular2Demo\Angular2Demo\Module\MainModule.js
C:\Users\AMIT\Desktop\Angular2Demo\Angular2Demo\Module\MainModule.js.map
C:\Users\AMIT\Desktop\Angular2Demo\Angular2Demo\Startup\Startup.js
C:\Users\AMIT\Desktop\Angular2Demo\Angular2Demo\Startup\Startup.js.map
C:\Users\AMIT\Desktop\Angular2Demo\Angular2Demo\Model\Customer.js
C:\Users\AMIT\Desktop\Angular2Demo\Angular2Demo\Model\Customer.js.map
C:\Users\AMIT\Desktop\Angular2Demo\Angular2Demo\Model\Country.js
C:\Users\AMIT\Desktop\Angular2Demo\Angular2Demo\Model\Country.js.map
C:\Users\AMIT\Desktop\Angular2Demo\Angular2Demo\Services\CountryStateService.js
C:\Users\AMIT\Desktop\Angular2Demo\Angular2Demo\Services\CountryStateService.js.map
C:\Users\AMIT\Desktop\Angular2Demo\Angular2Demo\Services\UserService.js
C:\Users\AMIT\Desktop\Angular2Demo\Angular2Demo\Services\UserService.js.map
C:\Users\AMIT\Desktop\Angular2Demo\Angular2Demo\Global\Global.js
C:\Users\AMIT\Desktop\Angular2Demo\Angular2Demo\Global\Global.js.map
C:\Users\AMIT\Desktop\Angular2Demo\Angular2Demo\Component\CustomerComponent.js
C:\Users\AMIT\Desktop\Angular2Demo\Angular2Demo\Component\CustomerComponent.js.map
C:\Users\AMIT\Desktop\Angular2Demo\Angular2Demo\Module\MainModule.js
C:\Users\AMIT\Desktop\Angular2Demo\Angular2Demo\Module\MainModule.js.map
C:\Users\AMIT\Desktop\Angular2Demo\Angular2Demo\Startup\Startup.js
C:\Users\AMIT\Desktop\Angular2Demo\Angular2Demo\Startup\Startup.js.map
C:\Users\AMIT\Desktop\Angular2Demo\Angular2Demo\Model\Customer.js
C:\Users\AMIT\Desktop\Angular2Demo\Angular2Demo\Model\Customer.js.map
C:\Users\AMIT\Desktop\Angular2Demo\Angular2Demo\Model\Country.js
C:\Users\AMIT\Desktop\Angular2Demo\Angular2Demo\Model\Country.js.map
C:\Users\AMIT\Desktop\Angular2Demo\Angular2Demo\Services\CountryStateService.js
C:\Users\AMIT\Desktop\Angular2Demo\Angular2Demo\Services\CountryStateService.js.map
C:\Users\AMIT\Desktop\Angular2Demo\Angular2Demo\Services\UserService.js
C:\Users\AMIT\Desktop\Angular2Demo\Angular2Demo\Services\UserService.js.map
C:\Users\AMIT\Desktop\Angular2Demo\Angular2Demo\Global\Global.js
C:\Users\AMIT\Desktop\Angular2Demo\Angular2Demo\Global\Global.js.map
C:\Users\AMIT\Desktop\Angular2Demo\Angular2Demo\Component\CustomerComponent.js
C:\Users\AMIT\Desktop\Angular2Demo\Angular2Demo\Component\CustomerComponent.js.map
C:\Users\AMIT\Desktop\Angular2Demo\Angular2Demo\Module\MainModule.js
C:\Users\AMIT\Desktop\Angular2Demo\Angular2Demo\Module\MainModule.js.map
C:\Users\AMIT\Desktop\Angular2Demo\Angular2Demo\Startup\Startup.js
C:\Users\AMIT\Desktop\Angular2Demo\Angular2Demo\Startup\Startup.js.map
